    WARNING: The character ṭ (U+1e6d) exists in the entry for VK_A, ShiftState 'Base' of the layout table and is not in the default system code page (1256) of the Arabic (Egypt) language you specified. This may cause compatibility problems in non-Unicode applications.
    WARNING: The character Ṭ (U+1e6c) exists in the entry for VK_A, ShiftState 'Shift' of the layout table and is not in the default system code page (1256) of the Arabic (Egypt) language you specified. This may cause compatibility problems in non-Unicode applications.
    WARNING: The character ϩ (U+03e9) exists in the entry for VK_E, ShiftState 'Base' of the layout table and is not in the default system code page (1256) of the Arabic (Egypt) language you specified. This may cause compatibility problems in non-Unicode applications.
    WARNING: The character Ϩ (U+03e8) exists in the entry for VK_E, ShiftState 'Shift' of the layout table and is not in the default system code page (1256) of the Arabic (Egypt) language you specified. This may cause compatibility problems in non-Unicode applications.
    WARNING: l (U+006c) is already defined more than once on the keyboard (on VK_J, ShiftState 'Shift' and VK_J, ShiftState 'Base').
    WARNING: The character θ (U+03b8) exists in the entry for VK_P, ShiftState 'Base' of the layout table and is not in the default system code page (1256) of the Arabic (Egypt) language you specified. This may cause compatibility problems in non-Unicode applications.
    WARNING: The character Θ (U+0398) exists in the entry for VK_P, ShiftState 'Shift' of the layout table and is not in the default system code page (1256) of the Arabic (Egypt) language you specified. This may cause compatibility problems in non-Unicode applications.
    WARNING: The character ɣ (U+0263) exists in the entry for VK_U, ShiftState 'Base' of the layout table and is not in the default system code page (1256) of the Arabic (Egypt) language you specified. This may cause compatibility problems in non-Unicode applications.
    WARNING: The character Ɣ (U+0194) exists in the entry for VK_U, ShiftState 'Shift' of the layout table and is not in the default system code page (1256) of the Arabic (Egypt) language you specified. This may cause compatibility problems in non-Unicode applications.
    WARNING: The character Ⲵ (U+2cb4) exists in the entry for VK_Y, ShiftState 'Base' of the layout table and is not in the default system code page (1256) of the Arabic (Egypt) language you specified. This may cause compatibility problems in non-Unicode applications.
    WARNING: The character ∀ (U+2200) exists in the entry for VK_Y, ShiftState 'Shift' of the layout table and is not in the default system code page (1256) of the Arabic (Egypt) language you specified. This may cause compatibility problems in non-Unicode applications.
    WARNING: The character ð (U+00f0) exists in the entry for VK_OEM_2, ShiftState 'Base' of the layout table and is not in the default system code page (1256) of the Arabic (Egypt) language you specified. This may cause compatibility problems in non-Unicode applications.
    WARNING: The character Ð (U+00d0) exists in the entry for VK_OEM_2, ShiftState 'Shift' of the layout table and is not in the default system code page (1256) of the Arabic (Egypt) language you specified. This may cause compatibility problems in non-Unicode applications.
    WARNING: The character ṣ (U+1e63) exists in the entry for VK_OEM_4, ShiftState 'Base' of the layout table and is not in the default system code page (1256) of the Arabic (Egypt) language you specified. This may cause compatibility problems in non-Unicode applications.
    WARNING: The character Ṣ (U+1e62) exists in the entry for VK_OEM_4, ShiftState 'Shift' of the layout table and is not in the default system code page (1256) of the Arabic (Egypt) language you specified. This may cause compatibility problems in non-Unicode applications.
    WARNING: The character ḍ (U+1e0d) exists in the entry for VK_OEM_6, ShiftState 'Base' of the layout table and is not in the default system code page (1256) of the Arabic (Egypt) language you specified. This may cause compatibility problems in non-Unicode applications.
    WARNING: The character Ḍ (U+1e0c) exists in the entry for VK_OEM_6, ShiftState 'Shift' of the layout table and is not in the default system code page (1256) of the Arabic (Egypt) language you specified. This may cause compatibility problems in non-Unicode applications.
    WARNING: The character ϣ (U+03e3) exists in the entry for VK_OEM_7, ShiftState 'Base' of the layout table and is not in the default system code page (1256) of the Arabic (Egypt) language you specified. This may cause compatibility problems in non-Unicode applications.
    WARNING: The character Ϣ (U+03e2) exists in the entry for VK_OEM_7, ShiftState 'Shift' of the layout table and is not in the default system code page (1256) of the Arabic (Egypt) language you specified. This may cause compatibility problems in non-Unicode applications.
    WARNING: The character ẓ (U+1e93) exists in the entry for VK_OEM_102, ShiftState 'Base' of the layout table and is not in the default system code page (1256) of the Arabic (Egypt) language you specified. This may cause compatibility problems in non-Unicode applications.
    WARNING: The character Ẓ (U+1e92) exists in the entry for VK_OEM_102, ShiftState 'Shift' of the layout table and is not in the default system code page (1256) of the Arabic (Egypt) language you specified. This may cause compatibility problems in non-Unicode applications.
    WARNING: 'ẓ' defined on OEM_102 (Base) but not defined elsewhere. This key may not be present on all keyboards.
    WARNING: 'Ẓ' defined on OEM_102 (Shift) but not defined elsewhere. This key may not be present on all keyboards.
